<?xml version="1.0" encoding="UTF-8"?>
<testng-results skipped="0" failed="0" total="2" passed="2">
  <reporter-output>
  </reporter-output>
  <suite name="GridTest" duration-ms="38597" started-at="2016-11-30T10:16:18Z" finished-at="2016-11-30T10:16:57Z">
    <groups>
    </groups>
    <test name="On Chrome" duration-ms="24387" started-at="2016-11-30T10:16:18Z" finished-at="2016-11-30T10:16:42Z">
      <class name="grid.GridEg1">
        <test-method status="PASS" signature="test(java.lang.String)[pri:0, instance:grid.GridEg1@5593d23b]" name="test" duration-ms="24325" started-at="2016-11-30T15:46:18Z" finished-at="2016-11-30T15:46:42Z">
          <params>
            <param index="0">
              <value>
                <![CDATA[chrome]]>
              </value>
            </param>
          </params>
          <reporter-output>
          </reporter-output>
        </test-method> <!-- test -->
      </class> <!-- grid.GridEg1 -->
    </test> <!-- On Chrome -->
    <test name="On Firefox" duration-ms="38597" started-at="2016-11-30T10:16:18Z" finished-at="2016-11-30T10:16:57Z">
      <class name="grid.GridEg1">
        <test-method status="PASS" signature="test(java.lang.String)[pri:0, instance:grid.GridEg1@5f1525cd]" name="test" duration-ms="38542" started-at="2016-11-30T15:46:18Z" finished-at="2016-11-30T15:46:57Z">
          <params>
            <param index="0">
              <value>
                <![CDATA[firefox]]>
              </value>
            </param>
          </params>
          <reporter-output>
          </reporter-output>
        </test-method> <!-- test -->
      </class> <!-- grid.GridEg1 -->
    </test> <!-- On Firefox -->
  </suite> <!-- GridTest -->
</testng-results>
